2025-01-14 23:51:37 DEBUG PackageRelationshipCollection:307 - Parsing relationship: /xl/worksheets/_rels/sheet1.xml.rels
2025-01-14 23:51:37 DEBUG PackageRelationshipCollection:307 - Parsing relationship: /_rels/.rels
2025-01-14 23:51:37 DEBUG POIXMLFactory:65 - using default POIXMLDocumentPart for http://schemas.openxmlformats.org/officeDocument/2006/relationships/printerSettings
2025-01-14 23:51:37 DEBUG PackageRelationshipCollection:307 - Parsing relationship: /xl/_rels/workbook.xml.rels
2025-01-14 23:51:37 DEBUG PackageRelationshipCollection:307 - Parsing relationship: /xl/worksheets/_rels/sheet1.xml.rels
2025-01-14 23:51:37 DEBUG PackageRelationshipCollection:307 - Parsing relationship: /_rels/.rels
2025-01-14 23:51:37 DEBUG POIXMLFactory:65 - using default POIXMLDocumentPart for http://schemas.openxmlformats.org/officeDocument/2006/relationships/printerSettings
2025-01-14 23:51:37 DEBUG PackageRelationshipCollection:307 - Parsing relationship: /xl/_rels/workbook.xml.rels
2025-01-14 23:51:37 DEBUG PackageRelationshipCollection:307 - Parsing relationship: /xl/worksheets/_rels/sheet1.xml.rels
2025-01-14 23:51:37 DEBUG PackageRelationshipCollection:307 - Parsing relationship: /_rels/.rels
2025-01-14 23:51:37 DEBUG POIXMLFactory:65 - using default POIXMLDocumentPart for http://schemas.openxmlformats.org/officeDocument/2006/relationships/printerSettings
2025-01-14 23:51:37 DEBUG PackageRelationshipCollection:307 - Parsing relationship: /xl/_rels/workbook.xml.rels
2025-01-14 23:51:37 DEBUG PackageRelationshipCollection:307 - Parsing relationship: /xl/worksheets/_rels/sheet1.xml.rels
2025-01-14 23:51:37 DEBUG PackageRelationshipCollection:307 - Parsing relationship: /_rels/.rels
2025-01-14 23:51:37 DEBUG POIXMLFactory:65 - using default POIXMLDocumentPart for http://schemas.openxmlformats.org/officeDocument/2006/relationships/printerSettings
2025-01-14 23:51:37 DEBUG PackageRelationshipCollection:307 - Parsing relationship: /xl/_rels/workbook.xml.rels
2025-01-14 23:51:37 DEBUG PackageRelationshipCollection:307 - Parsing relationship: /xl/worksheets/_rels/sheet1.xml.rels
2025-01-14 23:51:37 DEBUG PackageRelationshipCollection:307 - Parsing relationship: /_rels/.rels
2025-01-14 23:51:37 DEBUG POIXMLFactory:65 - using default POIXMLDocumentPart for http://schemas.openxmlformats.org/officeDocument/2006/relationships/printerSettings
2025-01-14 23:51:37 DEBUG PackageRelationshipCollection:307 - Parsing relationship: /xl/_rels/workbook.xml.rels
2025-01-14 23:51:37 DEBUG PackageRelationshipCollection:307 - Parsing relationship: /xl/worksheets/_rels/sheet1.xml.rels
2025-01-14 23:51:37 DEBUG PackageRelationshipCollection:307 - Parsing relationship: /_rels/.rels
2025-01-14 23:51:37 DEBUG POIXMLFactory:65 - using default POIXMLDocumentPart for http://schemas.openxmlformats.org/officeDocument/2006/relationships/printerSettings
2025-01-14 23:51:37 INFO  TC003_LoginDDT:18 - ***** Starting TC003_LoginDDT *****
2025-01-14 23:51:38 INFO  TC003_LoginDDT:24 - Clicked on myaccount link
2025-01-14 23:51:39 INFO  TC003_LoginDDT:26 - Clicked on login link
2025-01-14 23:51:39 INFO  TC003_LoginDDT:30 - Providing customer details
2025-01-14 23:51:51 INFO  TC003_LoginDDT:18 - ***** Starting TC003_LoginDDT *****
2025-01-14 23:51:52 INFO  TC003_LoginDDT:24 - Clicked on myaccount link
2025-01-14 23:52:02 INFO  TC003_LoginDDT:18 - ***** Starting TC003_LoginDDT *****
2025-01-14 23:52:02 INFO  TC003_LoginDDT:24 - Clicked on myaccount link
2025-01-14 23:52:12 INFO  TC003_LoginDDT:18 - ***** Starting TC003_LoginDDT *****
2025-01-14 23:52:12 INFO  TC003_LoginDDT:24 - Clicked on myaccount link
2025-01-14 23:52:22 INFO  TC003_LoginDDT:18 - ***** Starting TC003_LoginDDT *****
2025-01-14 23:52:22 INFO  TC003_LoginDDT:24 - Clicked on myaccount link
2025-01-14 23:55:25 DEBUG TestNG:82 - suiteXmlPath: "C:\Automation\seleniumwebdriver\OpencartV121\testng.xml"
2025-01-14 23:55:26 INFO  Utils:112 - [TestNG] Running:
  C:\Automation\seleniumwebdriver\OpencartV121\testng.xml

2025-01-14 23:55:41 DEBUG PackageRelationshipCollection:307 - Parsing relationship: /xl/_rels/workbook.xml.rels
2025-01-14 23:55:41 DEBUG PackageRelationshipCollection:307 - Parsing relationship: /xl/worksheets/_rels/sheet1.xml.rels
2025-01-14 23:55:42 DEBUG PackageRelationshipCollection:307 - Parsing relationship: /_rels/.rels
2025-01-14 23:55:43 DEBUG POIXMLFactory:65 - using default POIXMLDocumentPart for http://schemas.openxmlformats.org/officeDocument/2006/relationships/printerSettings
2025-01-14 23:55:43 DEBUG PackageRelationshipCollection:307 - Parsing relationship: /xl/_rels/workbook.xml.rels
2025-01-14 23:55:43 DEBUG PackageRelationshipCollection:307 - Parsing relationship: /xl/worksheets/_rels/sheet1.xml.rels
2025-01-14 23:55:43 DEBUG PackageRelationshipCollection:307 - Parsing relationship: /_rels/.rels
2025-01-14 23:55:43 DEBUG POIXMLFactory:65 - using default POIXMLDocumentPart for http://schemas.openxmlformats.org/officeDocument/2006/relationships/printerSettings
