2025-01-15 16:02:36 INFO  TC003_LoginDDT:23 - Clicked on myaccount link
2025-01-15 16:02:37 INFO  TC003_LoginDDT:25 - Clicked on login link
2025-01-15 16:02:37 INFO  TC003_LoginDDT:29 - Providing customer details
2025-01-15 16:02:41 INFO  TC003_LoginDDT:18 - ***** Starting TC003_LoginDDT *****
2025-01-15 16:02:41 INFO  TC003_LoginDDT:23 - Clicked on myaccount link
2025-01-15 16:02:42 INFO  TC003_LoginDDT:25 - Clicked on login link
2025-01-15 16:02:42 INFO  TC003_LoginDDT:29 - Providing customer details
2025-01-15 16:02:53 INFO  TC003_LoginDDT:65 - ***** Finished TC003_LoginDDT *****
2025-01-15 16:02:53 INFO  TC003_LoginDDT:18 - ***** Starting TC003_LoginDDT *****
2025-01-15 16:02:53 INFO  TC003_LoginDDT:23 - Clicked on myaccount link
2025-01-15 16:02:54 INFO  TC003_LoginDDT:25 - Clicked on login link
2025-01-15 16:02:54 INFO  TC003_LoginDDT:29 - Providing customer details
2025-01-15 16:03:04 INFO  TC003_LoginDDT:65 - ***** Finished TC003_LoginDDT *****
2025-01-15 16:03:05 INFO  TC003_LoginDDT:18 - ***** Starting TC003_LoginDDT *****
2025-01-15 16:03:05 INFO  TC003_LoginDDT:23 - Clicked on myaccount link
2025-01-15 16:03:05 INFO  TC003_LoginDDT:25 - Clicked on login link
2025-01-15 16:03:05 INFO  TC003_LoginDDT:29 - Providing customer details
2025-01-15 16:03:08 INFO  TC003_LoginDDT:65 - ***** Finished TC003_LoginDDT *****
2025-01-15 16:05:58 DEBUG TestNG:82 - suiteXmlPath: "C:\Automation\seleniumwebdriver\OpencartV121\testng.xml"
2025-01-15 16:05:59 INFO  Utils:112 - [TestNG] Running:
  C:\Automation\seleniumwebdriver\OpencartV121\testng.xml

2025-01-15 16:06:49 DEBUG TestNG:82 - suiteXmlPath: "C:\Automation\seleniumwebdriver\OpencartV121\testng.xml"
2025-01-15 16:06:49 INFO  Utils:112 - [TestNG] Running:
  C:\Automation\seleniumwebdriver\OpencartV121\testng.xml

2025-01-15 16:07:00 INFO  TC001_AccountRegistrationTest:20 - ***** Starting TC001_AccountRegistrationTest *****
2025-01-15 16:07:01 INFO  TC001_AccountRegistrationTest:24 - Clicked on myaccount link
2025-01-15 16:07:03 INFO  TC001_AccountRegistrationTest:26 - Clicked on register link
2025-01-15 16:07:03 INFO  TC001_AccountRegistrationTest:32 - Providing customer details
2025-01-15 16:07:06 INFO  TC001_AccountRegistrationTest:61 - ***** Finished TC001_AccountRegistrationTest *****
2025-01-15 16:07:17 INFO  TC002_LoginTest:21 - ***** Starting TC002_LoginTest *****
2025-01-15 16:07:17 INFO  TC002_LoginTest:25 - Clicked on myaccount link
2025-01-15 16:07:18 INFO  TC002_LoginTest:27 - Clicked on login link
2025-01-15 16:07:18 INFO  TC002_LoginTest:32 - Providing customer details
2025-01-15 16:07:20 INFO  TC002_LoginTest:52 - ***** Finished TC002_LoginTest *****
2025-01-15 16:08:09 DEBUG TestNG:82 - suiteXmlPath: "C:\Automation\seleniumwebdriver\OpencartV121\testng.xml"
2025-01-15 16:08:10 INFO  Utils:112 - [TestNG] Running:
  C:\Automation\seleniumwebdriver\OpencartV121\testng.xml

2025-01-15 16:08:23 INFO  TC001_AccountRegistrationTest:20 - ***** Starting TC001_AccountRegistrationTest *****
2025-01-15 16:08:23 INFO  TC001_AccountRegistrationTest:24 - Clicked on myaccount link
2025-01-15 16:08:25 INFO  TC001_AccountRegistrationTest:26 - Clicked on register link
2025-01-15 16:08:25 INFO  TC001_AccountRegistrationTest:32 - Providing customer details
2025-01-15 16:08:28 INFO  TC001_AccountRegistrationTest:61 - ***** Finished TC001_AccountRegistrationTest *****
2025-01-15 16:08:40 INFO  TC002_LoginTest:21 - ***** Starting TC002_LoginTest *****
2025-01-15 16:08:40 INFO  TC002_LoginTest:25 - Clicked on myaccount link
2025-01-15 16:08:42 INFO  TC002_LoginTest:27 - Clicked on login link
2025-01-15 16:08:42 INFO  TC002_LoginTest:32 - Providing customer details
2025-01-15 16:08:44 INFO  TC002_LoginTest:52 - ***** Finished TC002_LoginTest *****
2025-01-15 16:10:31 DEBUG TestNG:82 - suiteXmlPath: "C:\Automation\seleniumwebdriver\OpencartV121\crossbrowsertesting.xml"
2025-01-15 16:10:32 INFO  Utils:112 - [TestNG] Running:
  C:\Automation\seleniumwebdriver\OpencartV121\crossbrowsertesting.xml

2025-01-15 16:10:53 INFO  TC001_AccountRegistrationTest:20 - ***** Starting TC001_AccountRegistrationTest *****
2025-01-15 16:10:53 INFO  TC001_AccountRegistrationTest:20 - ***** Starting TC001_AccountRegistrationTest *****
2025-01-15 16:10:54 INFO  TC001_AccountRegistrationTest:24 - Clicked on myaccount link
2025-01-15 16:10:54 INFO  TC001_AccountRegistrationTest:24 - Clicked on myaccount link
2025-01-15 16:11:04 ERROR TC001_AccountRegistrationTest:55 - Test failed...
2025-01-15 16:11:04 DEBUG TC001_AccountRegistrationTest:56 - Debug logs
2025-01-15 16:11:14 ERROR TC001_AccountRegistrationTest:55 - Test failed...
2025-01-15 16:11:14 DEBUG TC001_AccountRegistrationTest:56 - Debug logs
2025-01-15 19:41:31 DEBUG TestNG:82 - suiteXmlPath: "C:\Automation\seleniumwebdriver\OpencartV121\grid-docker.xml"
2025-01-15 19:41:32 INFO  Utils:112 - [TestNG] Running:
  C:\Automation\seleniumwebdriver\OpencartV121\grid-docker.xml

2025-01-15 19:45:11 DEBUG TestNG:82 - suiteXmlPath: "C:\Automation\seleniumwebdriver\OpencartV121\grid-docker.xml"
