2025-01-16 00:00:03 DEBUG TestNG:82 - suiteXmlPath: "C:\Automation\seleniumwebdriver\OpencartV121\grid-docker.xml"
2025-01-16 00:00:04 INFO  Utils:112 - [TestNG] Running:
  C:\Automation\seleniumwebdriver\OpencartV121\grid-docker.xml

2025-01-16 00:00:19 INFO  TC002_LoginTest:21 - ***** Starting TC002_LoginTest *****
2025-01-16 00:00:19 INFO  TC002_LoginTest:25 - Clicked on myaccount link
2025-01-16 00:00:21 INFO  TC002_LoginTest:27 - Clicked on login link
2025-01-16 00:00:21 INFO  TC002_LoginTest:32 - Providing customer details
2025-01-16 00:00:23 INFO  TC002_LoginTest:52 - ***** Finished TC002_LoginTest *****
2025-01-16 00:01:02 DEBUG TestNG:82 - suiteXmlPath: "C:\Automation\seleniumwebdriver\OpencartV121\grid-docker.xml"
2025-01-16 00:01:03 INFO  Utils:112 - [TestNG] Running:
  C:\Automation\seleniumwebdriver\OpencartV121\grid-docker.xml

2025-01-16 00:01:12 INFO  TC002_LoginTest:21 - ***** Starting TC002_LoginTest *****
2025-01-16 00:03:32 DEBUG TestNG:82 - suiteXmlPath: "C:\Automation\seleniumwebdriver\OpencartV121\grid-docker.xml"
2025-01-16 00:03:32 INFO  Utils:112 - [TestNG] Running:
  C:\Automation\seleniumwebdriver\OpencartV121\grid-docker.xml

2025-01-16 00:03:39 INFO  TC002_LoginTest:21 - ***** Starting TC002_LoginTest *****
2025-01-16 00:09:29 DEBUG TestNG:82 - suiteXmlPath: "C:\Automation\seleniumwebdriver\OpencartV121\grid-docker.xml"
2025-01-16 00:09:30 INFO  Utils:112 - [TestNG] Running:
  C:\Automation\seleniumwebdriver\OpencartV121\grid-docker.xml

2025-01-16 00:09:38 INFO  TC002_LoginTest:21 - ***** Starting TC002_LoginTest *****
2025-01-16 00:10:52 DEBUG TestNG:82 - suiteXmlPath: "C:\Automation\seleniumwebdriver\OpencartV121\grid-docker.xml"
2025-01-16 00:10:53 INFO  Utils:112 - [TestNG] Running:
  C:\Automation\seleniumwebdriver\OpencartV121\grid-docker.xml

2025-01-16 00:11:02 INFO  TC002_LoginTest:21 - ***** Starting TC002_LoginTest *****
2025-01-16 00:11:03 INFO  TC002_LoginTest:25 - Clicked on myaccount link
2025-01-16 00:12:38 DEBUG TestNG:82 - suiteXmlPath: "C:\Automation\seleniumwebdriver\OpencartV121\grid-docker.xml"
2025-01-16 00:12:39 INFO  Utils:112 - [TestNG] Running:
  C:\Automation\seleniumwebdriver\OpencartV121\grid-docker.xml

2025-01-16 00:12:47 INFO  TC002_LoginTest:21 - ***** Starting TC002_LoginTest *****
2025-01-16 00:12:48 INFO  TC002_LoginTest:25 - Clicked on myaccount link
2025-01-16 00:13:49 DEBUG TestNG:82 - suiteXmlPath: "C:\Automation\seleniumwebdriver\OpencartV121\grid-docker.xml"
2025-01-16 00:13:49 INFO  Utils:112 - [TestNG] Running:
  C:\Automation\seleniumwebdriver\OpencartV121\grid-docker.xml

2025-01-16 00:13:57 INFO  TC002_LoginTest:21 - ***** Starting TC002_LoginTest *****
2025-01-16 00:25:29 DEBUG TestNG:82 - suiteXmlPath: "C:\Automation\seleniumwebdriver\OpencartV121\grid-docker.xml"
2025-01-16 00:25:30 INFO  Utils:112 - [TestNG] Running:
  C:\Automation\seleniumwebdriver\OpencartV121\grid-docker.xml

2025-01-16 00:25:38 INFO  TC002_LoginTest:21 - ***** Starting TC002_LoginTest *****
2025-01-16 00:25:39 INFO  TC002_LoginTest:25 - Clicked on myaccount link
2025-01-16 00:26:35 DEBUG TestNG:82 - suiteXmlPath: "C:\Automation\seleniumwebdriver\OpencartV121\grid-docker.xml"
2025-01-16 00:26:37 INFO  Utils:112 - [TestNG] Running:
  C:\Automation\seleniumwebdriver\OpencartV121\grid-docker.xml

2025-01-16 00:26:45 INFO  TC002_LoginTest:21 - ***** Starting TC002_LoginTest *****
2025-01-16 00:27:55 DEBUG TestNG:82 - suiteXmlPath: "C:\Automation\seleniumwebdriver\OpencartV121\grid-docker.xml"
2025-01-16 00:27:55 INFO  Utils:112 - [TestNG] Running:
  C:\Automation\seleniumwebdriver\OpencartV121\grid-docker.xml

2025-01-16 00:28:05 INFO  TC002_LoginTest:21 - ***** Starting TC002_LoginTest *****
2025-01-16 07:39:12 DEBUG TestNG:82 - suiteXmlPath: "C:\Automation\seleniumwebdriver\OpencartV121\grid-docker.xml"
2025-01-16 07:39:13 INFO  Utils:112 - [TestNG] Running:
  C:\Automation\seleniumwebdriver\OpencartV121\grid-docker.xml

2025-01-16 07:39:18 INFO  TC002_LoginTest:21 - ***** Starting TC002_LoginTest *****
2025-01-16 07:40:00 DEBUG TestNG:82 - suiteXmlPath: "C:\Automation\seleniumwebdriver\OpencartV121\grid-docker.xml"
2025-01-16 07:40:00 INFO  Utils:112 - [TestNG] Running:
  C:\Automation\seleniumwebdriver\OpencartV121\grid-docker.xml

2025-01-16 07:40:05 INFO  TC002_LoginTest:21 - ***** Starting TC002_LoginTest *****
2025-01-16 07:41:29 DEBUG TestNG:82 - suiteXmlPath: "C:\Automation\seleniumwebdriver\OpencartV121\grid-docker.xml"
2025-01-16 07:41:30 INFO  Utils:112 - [TestNG] Running:
  C:\Automation\seleniumwebdriver\OpencartV121\grid-docker.xml

2025-01-16 07:41:37 INFO  TC002_LoginTest:21 - ***** Starting TC002_LoginTest *****
2025-01-16 07:43:17 DEBUG TestNG:82 - suiteXmlPath: "C:\Automation\seleniumwebdriver\OpencartV121\grid-docker.xml"
2025-01-16 07:43:18 INFO  Utils:112 - [TestNG] Running:
  C:\Automation\seleniumwebdriver\OpencartV121\grid-docker.xml

2025-01-16 07:43:58 INFO  TC002_LoginTest:21 - ***** Starting TC002_LoginTest *****
