2025-01-16 14:19:31 DEBUG TestNG:82 - suiteXmlPath: "C:\Automation\seleniumwebdriver\OpencartV121\grid-docker.xml"
2025-01-16 14:19:32 INFO  Utils:112 - [TestNG] Running:
  C:\Automation\seleniumwebdriver\OpencartV121\grid-docker.xml

2025-01-16 14:19:34 INFO  TC002_LoginTest:21 - ***** Starting TC002_LoginTest *****
2025-01-16 14:19:34 INFO  TC002_LoginTest:47 - ***** EXCEPTION TC002_LoginTest *****
2025-01-16 14:19:34 DEBUG TC002_LoginTest:48 - Cannot invoke "org.openqa.selenium.SearchContext.findElement(org.openqa.selenium.By)" because "this.searchContext" is null
2025-01-16 14:20:39 DEBUG TestNG:82 - suiteXmlPath: "C:\Automation\seleniumwebdriver\OpencartV121\grid-docker.xml"
2025-01-16 14:20:40 INFO  Utils:112 - [TestNG] Running:
  C:\Automation\seleniumwebdriver\OpencartV121\grid-docker.xml

2025-01-16 14:20:42 INFO  TC002_LoginTest:21 - ***** Starting TC002_LoginTest *****
2025-01-16 14:20:42 INFO  TC002_LoginTest:47 - ***** EXCEPTION TC002_LoginTest *****
2025-01-16 14:20:42 DEBUG TC002_LoginTest:48 - Cannot invoke "org.openqa.selenium.SearchContext.findElement(org.openqa.selenium.By)" because "this.searchContext" is null
2025-01-16 14:30:54 DEBUG TestNG:82 - suiteXmlPath: "C:\Automation\seleniumwebdriver\OpencartV121\grid-docker.xml"
2025-01-16 14:30:55 INFO  Utils:112 - [TestNG] Running:
  C:\Automation\seleniumwebdriver\OpencartV121\grid-docker.xml

2025-01-16 14:31:31 INFO  TC002_LoginTest:21 - ***** Starting TC002_LoginTest *****
2025-01-16 14:31:51 INFO  TC002_LoginTest:47 - ***** EXCEPTION TC002_LoginTest *****
2025-01-16 14:31:51 DEBUG TC002_LoginTest:48 - no such element: Unable to locate element: {"method":"xpath","selector":"//span[normalize-space()='My Account']"}
  (Session info: chrome=131.0.6778.204)
For documentation on this error, please visit: https://www.selenium.dev/documentation/webdriver/troubleshooting/errors#no-such-element-exception
Build info: version: '4.20.0', revision: '866c76ca80'
System info: os.name: 'Windows 10', os.arch: 'amd64', os.version: '10.0', java.version: '23.0.1'
Driver info: org.openqa.selenium.remote.RemoteWebDriver
Command: [eed17b21a302a41784c49e8273d5ba8a, findElement {using=xpath, value=//span[normalize-space()='My Account']}]
Capabilities {acceptInsecureCerts: false, browserName: chrome, browserVersion: 131.0.6778.204, chrome: {chromedriverVersion: 131.0.6778.204 (52183f9e99a..., userDataDir: /tmp/.org.chromium.Chromium...}, fedcm:accounts: true, goog:chromeOptions: {debuggerAddress: localhost:42935}, networkConnectionEnabled: false, pageLoadStrategy: normal, platformName: linux, proxy: Proxy(), se:bidiEnabled: false, se:cdp: ws://172.19.0.4:4444/sessio..., se:cdpVersion: 131.0.6778.204, se:containerName: , se:noVncPort: 7900, se:vnc: ws://172.19.0.4:4444/sessio..., se:vncEnabled: true, se:vncLocalAddress: ws://172.19.0.4:7900, setWindowRect: true, strictFileInteractability: false, timeouts: {implicit: 0, pageLoad: 300000, script: 30000}, unhandledPromptBehavior: dismiss and notify, webauthn:extension:credBlob: true, webauthn:extension:largeBlob: true, webauthn:extension:minPinLength: true, webauthn:extension:prf: true, webauthn:virtualAuthenticators: true}
Session ID: eed17b21a302a41784c49e8273d5ba8a
2025-01-16 14:55:58 DEBUG TestNG:82 - suiteXmlPath: "C:\Automation\seleniumwebdriver\OpencartV121\testng.xml"
2025-01-16 14:56:27 INFO  TC001_AccountRegistrationTest:20 - ***** Starting TC001_AccountRegistrationTest *****
2025-01-16 14:56:30 INFO  TC001_AccountRegistrationTest:24 - Clicked on myaccount link
2025-01-16 14:56:51 ERROR TC001_AccountRegistrationTest:55 - Test failed...
2025-01-16 14:56:51 DEBUG TC001_AccountRegistrationTest:56 - Debug logs
2025-01-16 14:57:08 INFO  TC002_LoginTest:21 - ***** Starting TC002_LoginTest *****
2025-01-16 14:57:11 INFO  TC002_LoginTest:25 - Clicked on myaccount link
2025-01-16 14:57:31 INFO  TC002_LoginTest:47 - ***** EXCEPTION TC002_LoginTest *****
2025-01-16 14:57:31 DEBUG TC002_LoginTest:48 - no such element: Unable to locate element: {"method":"link text","selector":"Login"}
  (Session info: chrome=131.0.6778.265)
For documentation on this error, please visit: https://www.selenium.dev/documentation/webdriver/troubleshooting/errors#no-such-element-exception
Build info: version: '4.20.0', revision: '866c76ca80'
System info: os.name: 'Windows 10', os.arch: 'amd64', os.version: '10.0', java.version: '23.0.1'
Driver info: org.openqa.selenium.chrome.ChromeDriver
Command: [a7ce23e8763b6cdc7929528a294fb76e, findElement {using=link text, value=Login}]
Capabilities {acceptInsecureCerts: false, browserName: chrome, browserVersion: 131.0.6778.265, chrome: {chromedriverVersion: 131.0.6778.264 (2d05e315153..., userDataDir: C:\Users\paulo\AppData\Loca...}, fedcm:accounts: true, goog:chromeOptions: {debuggerAddress: localhost:58895}, networkConnectionEnabled: false, pageLoadStrategy: normal, platformName: windows, proxy: Proxy(), se:cdp: ws://localhost:58895/devtoo..., se:cdpVersion: 131.0.6778.265, setWindowRect: true, strictFileInteractability: false, timeouts: {implicit: 0, pageLoad: 300000, script: 30000}, unhandledPromptBehavior: dismiss and notify, webauthn:extension:credBlob: true, webauthn:extension:largeBlob: true, webauthn:extension:minPinLength: true, webauthn:extension:prf: true, webauthn:virtualAuthenticators: true}
Session ID: a7ce23e8763b6cdc7929528a294fb76e
