2025-01-16 08:13:36 DEBUG TestNG:82 - suiteXmlPath: "C:\Automation\seleniumwebdriver\OpencartV121\grid-docker.xml"
2025-01-16 08:13:36 INFO  Utils:112 - [TestNG] Running:
  C:\Automation\seleniumwebdriver\OpencartV121\grid-docker.xml

2025-01-16 08:13:47 INFO  TC002_LoginTest:21 - ***** Starting TC002_LoginTest *****
2025-01-16 08:13:48 INFO  TC002_LoginTest:25 - Clicked on myaccount link
2025-01-16 08:13:58 INFO  TC002_LoginTest:47 - ***** EXCEPTION TC002_LoginTest *****
2025-01-16 08:13:58 DEBUG TC002_LoginTest:48 - no such element: Unable to locate element: {"method":"link text","selector":"Login"}
  (Session info: chrome=131.0.6778.204)
For documentation on this error, please visit: https://www.selenium.dev/documentation/webdriver/troubleshooting/errors#no-such-element-exception
Build info: version: '4.20.0', revision: '866c76ca80'
System info: os.name: 'Windows 10', os.arch: 'amd64', os.version: '10.0', java.version: '23.0.1'
Driver info: org.openqa.selenium.remote.RemoteWebDriver
Command: [01ea7f12481ed338e0868f3629a7a81e, findElement {using=link text, value=Login}]
Capabilities {acceptInsecureCerts: false, browserName: chrome, browserVersion: 131.0.6778.204, chrome: {chromedriverVersion: 131.0.6778.204 (52183f9e99a..., userDataDir: /tmp/.org.chromium.Chromium...}, fedcm:accounts: true, goog:chromeOptions: {debuggerAddress: localhost:46221}, networkConnectionEnabled: false, pageLoadStrategy: normal, platformName: linux, proxy: Proxy(), se:bidiEnabled: false, se:cdp: ws://172.19.0.4:4444/sessio..., se:cdpVersion: 131.0.6778.204, se:containerName: , se:noVncPort: 7900, se:vnc: ws://172.19.0.4:4444/sessio..., se:vncEnabled: true, se:vncLocalAddress: ws://172.19.0.4:7900, setWindowRect: true, strictFileInteractability: false, timeouts: {implicit: 0, pageLoad: 300000, script: 30000}, unhandledPromptBehavior: dismiss and notify, webauthn:extension:credBlob: true, webauthn:extension:largeBlob: true, webauthn:extension:minPinLength: true, webauthn:extension:prf: true, webauthn:virtualAuthenticators: true}
Session ID: 01ea7f12481ed338e0868f3629a7a81e
2025-01-16 08:22:30 DEBUG TestNG:82 - suiteXmlPath: "C:\Automation\seleniumwebdriver\OpencartV121\grid-docker.xml"
2025-01-16 08:22:30 INFO  Utils:112 - [TestNG] Running:
  C:\Automation\seleniumwebdriver\OpencartV121\grid-docker.xml

2025-01-16 08:22:39 INFO  TC002_LoginTest:21 - ***** Starting TC002_LoginTest *****
2025-01-16 08:22:40 INFO  TC002_LoginTest:25 - Clicked on myaccount link
2025-01-16 08:22:50 INFO  TC002_LoginTest:47 - ***** EXCEPTION TC002_LoginTest *****
2025-01-16 08:22:50 DEBUG TC002_LoginTest:48 - no such element: Unable to locate element: {"method":"link text","selector":"Login"}
  (Session info: chrome=131.0.6778.204)
For documentation on this error, please visit: https://www.selenium.dev/documentation/webdriver/troubleshooting/errors#no-such-element-exception
Build info: version: '4.20.0', revision: '866c76ca80'
System info: os.name: 'Windows 10', os.arch: 'amd64', os.version: '10.0', java.version: '23.0.1'
Driver info: org.openqa.selenium.remote.RemoteWebDriver
Command: [e9835bc6236162eb7d33b70131c77bef, findElement {using=link text, value=Login}]
Capabilities {acceptInsecureCerts: false, browserName: chrome, browserVersion: 131.0.6778.204, chrome: {chromedriverVersion: 131.0.6778.204 (52183f9e99a..., userDataDir: /tmp/.org.chromium.Chromium...}, fedcm:accounts: true, goog:chromeOptions: {debuggerAddress: localhost:46083}, networkConnectionEnabled: false, pageLoadStrategy: normal, platformName: linux, proxy: Proxy(), se:bidiEnabled: false, se:cdp: ws://172.19.0.4:4444/sessio..., se:cdpVersion: 131.0.6778.204, se:containerName: , se:noVncPort: 7900, se:vnc: ws://172.19.0.4:4444/sessio..., se:vncEnabled: true, se:vncLocalAddress: ws://172.19.0.4:7900, setWindowRect: true, strictFileInteractability: false, timeouts: {implicit: 0, pageLoad: 300000, script: 30000}, unhandledPromptBehavior: dismiss and notify, webauthn:extension:credBlob: true, webauthn:extension:largeBlob: true, webauthn:extension:minPinLength: true, webauthn:extension:prf: true, webauthn:virtualAuthenticators: true}
Session ID: e9835bc6236162eb7d33b70131c77bef
2025-01-16 08:23:17 DEBUG TestNG:82 - suiteXmlPath: "C:\Automation\seleniumwebdriver\OpencartV121\grid-docker.xml"
2025-01-16 08:23:17 INFO  Utils:112 - [TestNG] Running:
  C:\Automation\seleniumwebdriver\OpencartV121\grid-docker.xml

2025-01-16 08:23:27 INFO  TC002_LoginTest:21 - ***** Starting TC002_LoginTest *****
2025-01-16 08:23:37 INFO  TC002_LoginTest:47 - ***** EXCEPTION TC002_LoginTest *****
2025-01-16 08:23:37 DEBUG TC002_LoginTest:48 - no such element: Unable to locate element: {"method":"xpath","selector":"//span[normalize-space()='My Account']"}
  (Session info: chrome=131.0.6778.204)
For documentation on this error, please visit: https://www.selenium.dev/documentation/webdriver/troubleshooting/errors#no-such-element-exception
Build info: version: '4.20.0', revision: '866c76ca80'
System info: os.name: 'Windows 10', os.arch: 'amd64', os.version: '10.0', java.version: '23.0.1'
Driver info: org.openqa.selenium.remote.RemoteWebDriver
Command: [9dce05580451764fa7bdd63475c2062a, findElement {using=xpath, value=//span[normalize-space()='My Account']}]
Capabilities {acceptInsecureCerts: false, browserName: chrome, browserVersion: 131.0.6778.204, chrome: {chromedriverVersion: 131.0.6778.204 (52183f9e99a..., userDataDir: /tmp/.org.chromium.Chromium...}, fedcm:accounts: true, goog:chromeOptions: {debuggerAddress: localhost:33597}, networkConnectionEnabled: false, pageLoadStrategy: normal, platformName: linux, proxy: Proxy(), se:bidiEnabled: false, se:cdp: ws://172.19.0.4:4444/sessio..., se:cdpVersion: 131.0.6778.204, se:containerName: , se:noVncPort: 7900, se:vnc: ws://172.19.0.4:4444/sessio..., se:vncEnabled: true, se:vncLocalAddress: ws://172.19.0.4:7900, setWindowRect: true, strictFileInteractability: false, timeouts: {implicit: 0, pageLoad: 300000, script: 30000}, unhandledPromptBehavior: dismiss and notify, webauthn:extension:credBlob: true, webauthn:extension:largeBlob: true, webauthn:extension:minPinLength: true, webauthn:extension:prf: true, webauthn:virtualAuthenticators: true}
Session ID: 9dce05580451764fa7bdd63475c2062a
