2025-01-15 08:11:58 DEBUG PackageRelationshipCollection:307 - Parsing relationship: /_rels/.rels
2025-01-15 08:11:58 DEBUG PackageRelationshipCollection:307 - Parsing relationship: /xl/_rels/workbook.xml.rels
2025-01-15 08:11:58 DEBUG PackageRelationshipCollection:307 - Parsing relationship: /xl/worksheets/_rels/sheet1.xml.rels
2025-01-15 08:11:58 DEBUG PackageRelationshipCollection:307 - Parsing relationship: /_rels/.rels
2025-01-15 08:11:59 DEBUG PackageRelationshipCollection:307 - Parsing relationship: /xl/_rels/workbook.xml.rels
2025-01-15 08:11:59 DEBUG PackageRelationshipCollection:307 - Parsing relationship: /xl/worksheets/_rels/sheet1.xml.rels
2025-01-15 08:11:59 DEBUG PackageRelationshipCollection:307 - Parsing relationship: /_rels/.rels
2025-01-15 08:11:59 DEBUG PackageRelationshipCollection:307 - Parsing relationship: /xl/_rels/workbook.xml.rels
2025-01-15 08:11:59 DEBUG PackageRelationshipCollection:307 - Parsing relationship: /xl/worksheets/_rels/sheet1.xml.rels
2025-01-15 08:11:59 DEBUG PackageRelationshipCollection:307 - Parsing relationship: /_rels/.rels
2025-01-15 08:12:00 DEBUG PackageRelationshipCollection:307 - Parsing relationship: /xl/_rels/workbook.xml.rels
2025-01-15 08:12:00 DEBUG PackageRelationshipCollection:307 - Parsing relationship: /xl/worksheets/_rels/sheet1.xml.rels
2025-01-15 08:12:00 DEBUG PackageRelationshipCollection:307 - Parsing relationship: /_rels/.rels
2025-01-15 08:12:00 DEBUG PackageRelationshipCollection:307 - Parsing relationship: /xl/_rels/workbook.xml.rels
2025-01-15 08:12:00 DEBUG PackageRelationshipCollection:307 - Parsing relationship: /xl/worksheets/_rels/sheet1.xml.rels
2025-01-15 08:12:00 DEBUG PackageRelationshipCollection:307 - Parsing relationship: /_rels/.rels
2025-01-15 08:12:00 DEBUG PackageRelationshipCollection:307 - Parsing relationship: /xl/_rels/workbook.xml.rels
2025-01-15 08:12:01 DEBUG PackageRelationshipCollection:307 - Parsing relationship: /xl/worksheets/_rels/sheet1.xml.rels
2025-01-15 08:12:01 DEBUG PackageRelationshipCollection:307 - Parsing relationship: /_rels/.rels
2025-01-15 08:12:01 DEBUG PackageRelationshipCollection:307 - Parsing relationship: /xl/_rels/workbook.xml.rels
2025-01-15 08:12:01 DEBUG PackageRelationshipCollection:307 - Parsing relationship: /xl/worksheets/_rels/sheet1.xml.rels
2025-01-15 08:12:01 DEBUG PackageRelationshipCollection:307 - Parsing relationship: /_rels/.rels
2025-01-15 08:12:01 DEBUG PackageRelationshipCollection:307 - Parsing relationship: /xl/_rels/workbook.xml.rels
2025-01-15 08:12:01 DEBUG PackageRelationshipCollection:307 - Parsing relationship: /xl/worksheets/_rels/sheet1.xml.rels
2025-01-15 08:12:01 DEBUG PackageRelationshipCollection:307 - Parsing relationship: /_rels/.rels
2025-01-15 08:12:01 DEBUG PackageRelationshipCollection:307 - Parsing relationship: /xl/_rels/workbook.xml.rels
2025-01-15 08:12:01 DEBUG PackageRelationshipCollection:307 - Parsing relationship: /xl/worksheets/_rels/sheet1.xml.rels
2025-01-15 08:12:01 DEBUG PackageRelationshipCollection:307 - Parsing relationship: /_rels/.rels
2025-01-15 08:12:01 DEBUG PackageRelationshipCollection:307 - Parsing relationship: /xl/_rels/workbook.xml.rels
2025-01-15 08:12:01 DEBUG PackageRelationshipCollection:307 - Parsing relationship: /xl/worksheets/_rels/sheet1.xml.rels
2025-01-15 08:12:01 DEBUG PackageRelationshipCollection:307 - Parsing relationship: /_rels/.rels
2025-01-15 08:12:02 INFO  TC003_LoginDDT:18 - ***** Starting TC003_LoginDDT *****
2025-01-15 08:12:03 INFO  TC003_LoginDDT:23 - Clicked on myaccount link
2025-01-15 08:12:04 INFO  TC003_LoginDDT:25 - Clicked on login link
2025-01-15 08:12:04 INFO  TC003_LoginDDT:29 - Providing customer details
2025-01-15 08:12:11 INFO  TC003_LoginDDT:65 - ***** Finished TC003_LoginDDT *****
2025-01-15 08:12:11 INFO  TC003_LoginDDT:18 - ***** Starting TC003_LoginDDT *****
2025-01-15 08:12:11 INFO  TC003_LoginDDT:23 - Clicked on myaccount link
2025-01-15 08:12:13 INFO  TC003_LoginDDT:25 - Clicked on login link
2025-01-15 08:12:13 INFO  TC003_LoginDDT:29 - Providing customer details
2025-01-15 08:12:17 INFO  TC003_LoginDDT:65 - ***** Finished TC003_LoginDDT *****
2025-01-15 08:12:17 INFO  TC003_LoginDDT:18 - ***** Starting TC003_LoginDDT *****
2025-01-15 08:12:17 INFO  TC003_LoginDDT:23 - Clicked on myaccount link
2025-01-15 08:12:27 INFO  TC003_LoginDDT:18 - ***** Starting TC003_LoginDDT *****
2025-01-15 08:12:28 INFO  TC003_LoginDDT:23 - Clicked on myaccount link
2025-01-15 08:12:38 INFO  TC003_LoginDDT:18 - ***** Starting TC003_LoginDDT *****
2025-01-15 08:12:38 INFO  TC003_LoginDDT:23 - Clicked on myaccount link
2025-01-15 08:14:32 DEBUG TestNG:82 - suiteXmlPath: "C:\Automation\seleniumwebdriver\OpencartV121\testng.xml"
2025-01-15 08:14:33 INFO  Utils:112 - [TestNG] Running:
  C:\Automation\seleniumwebdriver\OpencartV121\testng.xml

2025-01-15 08:14:48 DEBUG PackageRelationshipCollection:307 - Parsing relationship: /xl/_rels/workbook.xml.rels
2025-01-15 08:14:48 DEBUG PackageRelationshipCollection:307 - Parsing relationship: /xl/worksheets/_rels/sheet1.xml.rels
