2025-01-15 08:14:52 DEBUG PackageRelationshipCollection:307 - Parsing relationship: /xl/_rels/workbook.xml.rels
2025-01-15 08:14:52 DEBUG PackageRelationshipCollection:307 - Parsing relationship: /xl/worksheets/_rels/sheet1.xml.rels
2025-01-15 08:14:52 DEBUG PackageRelationshipCollection:307 - Parsing relationship: /_rels/.rels
2025-01-15 08:14:52 INFO  TC003_LoginDDT:18 - ***** Starting TC003_LoginDDT *****
2025-01-15 08:14:53 INFO  TC003_LoginDDT:23 - Clicked on myaccount link
2025-01-15 08:14:55 INFO  TC003_LoginDDT:25 - Clicked on login link
2025-01-15 08:14:55 INFO  TC003_LoginDDT:29 - Providing customer details
2025-01-15 08:14:59 INFO  TC003_LoginDDT:65 - ***** Finished TC003_LoginDDT *****
2025-01-15 08:14:59 INFO  TC003_LoginDDT:18 - ***** Starting TC003_LoginDDT *****
2025-01-15 08:14:59 INFO  TC003_LoginDDT:23 - Clicked on myaccount link
2025-01-15 08:15:01 INFO  TC003_LoginDDT:25 - Clicked on login link
2025-01-15 08:15:01 INFO  TC003_LoginDDT:29 - Providing customer details
2025-01-15 08:15:04 INFO  TC003_LoginDDT:65 - ***** Finished TC003_LoginDDT *****
2025-01-15 08:15:04 INFO  TC003_LoginDDT:18 - ***** Starting TC003_LoginDDT *****
2025-01-15 08:15:04 INFO  TC003_LoginDDT:23 - Clicked on myaccount link
2025-01-15 08:15:14 INFO  TC003_LoginDDT:18 - ***** Starting TC003_LoginDDT *****
2025-01-15 08:15:14 INFO  TC003_LoginDDT:23 - Clicked on myaccount link
2025-01-15 08:15:24 INFO  TC003_LoginDDT:18 - ***** Starting TC003_LoginDDT *****
2025-01-15 08:15:25 INFO  TC003_LoginDDT:23 - Clicked on myaccount link
2025-01-15 08:15:46 DEBUG TestNG:82 - suiteXmlPath: "C:\Automation\seleniumwebdriver\OpencartV121\testng.xml"
2025-01-15 08:15:47 INFO  Utils:112 - [TestNG] Running:
  C:\Automation\seleniumwebdriver\OpencartV121\testng.xml

2025-01-15 08:16:01 DEBUG PackageRelationshipCollection:307 - Parsing relationship: /xl/_rels/workbook.xml.rels
2025-01-15 08:16:01 DEBUG PackageRelationshipCollection:307 - Parsing relationship: /xl/worksheets/_rels/sheet1.xml.rels
2025-01-15 08:16:01 DEBUG PackageRelationshipCollection:307 - Parsing relationship: /_rels/.rels
2025-01-15 08:16:03 DEBUG PackageRelationshipCollection:307 - Parsing relationship: /xl/_rels/workbook.xml.rels
2025-01-15 08:16:03 DEBUG PackageRelationshipCollection:307 - Parsing relationship: /xl/worksheets/_rels/sheet1.xml.rels
2025-01-15 08:16:03 DEBUG PackageRelationshipCollection:307 - Parsing relationship: /_rels/.rels
2025-01-15 08:16:03 DEBUG PackageRelationshipCollection:307 - Parsing relationship: /xl/_rels/workbook.xml.rels
2025-01-15 08:16:03 DEBUG PackageRelationshipCollection:307 - Parsing relationship: /xl/worksheets/_rels/sheet1.xml.rels
2025-01-15 08:16:03 DEBUG PackageRelationshipCollection:307 - Parsing relationship: /_rels/.rels
2025-01-15 08:16:03 DEBUG PackageRelationshipCollection:307 - Parsing relationship: /xl/_rels/workbook.xml.rels
2025-01-15 08:16:03 DEBUG PackageRelationshipCollection:307 - Parsing relationship: /xl/worksheets/_rels/sheet1.xml.rels
2025-01-15 08:16:03 DEBUG PackageRelationshipCollection:307 - Parsing relationship: /_rels/.rels
2025-01-15 08:16:03 DEBUG PackageRelationshipCollection:307 - Parsing relationship: /xl/_rels/workbook.xml.rels
2025-01-15 08:16:03 DEBUG PackageRelationshipCollection:307 - Parsing relationship: /xl/worksheets/_rels/sheet1.xml.rels
2025-01-15 08:16:03 DEBUG PackageRelationshipCollection:307 - Parsing relationship: /_rels/.rels
2025-01-15 08:16:03 DEBUG PackageRelationshipCollection:307 - Parsing relationship: /xl/_rels/workbook.xml.rels
2025-01-15 08:16:03 DEBUG PackageRelationshipCollection:307 - Parsing relationship: /xl/worksheets/_rels/sheet1.xml.rels
2025-01-15 08:16:03 DEBUG PackageRelationshipCollection:307 - Parsing relationship: /_rels/.rels
2025-01-15 08:16:03 DEBUG PackageRelationshipCollection:307 - Parsing relationship: /xl/_rels/workbook.xml.rels
2025-01-15 08:16:03 DEBUG PackageRelationshipCollection:307 - Parsing relationship: /xl/worksheets/_rels/sheet1.xml.rels
2025-01-15 08:16:03 DEBUG PackageRelationshipCollection:307 - Parsing relationship: /_rels/.rels
2025-01-15 08:16:03 DEBUG PackageRelationshipCollection:307 - Parsing relationship: /xl/_rels/workbook.xml.rels
2025-01-15 08:16:03 DEBUG PackageRelationshipCollection:307 - Parsing relationship: /xl/worksheets/_rels/sheet1.xml.rels
2025-01-15 08:16:03 DEBUG PackageRelationshipCollection:307 - Parsing relationship: /_rels/.rels
2025-01-15 08:16:04 DEBUG PackageRelationshipCollection:307 - Parsing relationship: /xl/_rels/workbook.xml.rels
2025-01-15 08:16:04 DEBUG PackageRelationshipCollection:307 - Parsing relationship: /xl/worksheets/_rels/sheet1.xml.rels
2025-01-15 08:16:04 DEBUG PackageRelationshipCollection:307 - Parsing relationship: /_rels/.rels
2025-01-15 08:16:04 DEBUG PackageRelationshipCollection:307 - Parsing relationship: /xl/_rels/workbook.xml.rels
2025-01-15 08:16:04 DEBUG PackageRelationshipCollection:307 - Parsing relationship: /xl/worksheets/_rels/sheet1.xml.rels
