2025-01-15 08:08:47 DEBUG PackageRelationshipCollection:307 - Parsing relationship: /_rels/.rels
2025-01-15 08:08:47 DEBUG PackageRelationshipCollection:307 - Parsing relationship: /xl/_rels/workbook.xml.rels
2025-01-15 08:08:47 DEBUG PackageRelationshipCollection:307 - Parsing relationship: /xl/worksheets/_rels/sheet1.xml.rels
2025-01-15 08:08:47 DEBUG PackageRelationshipCollection:307 - Parsing relationship: /_rels/.rels
2025-01-15 08:08:47 DEBUG PackageRelationshipCollection:307 - Parsing relationship: /xl/_rels/workbook.xml.rels
2025-01-15 08:08:47 DEBUG PackageRelationshipCollection:307 - Parsing relationship: /xl/worksheets/_rels/sheet1.xml.rels
2025-01-15 08:08:47 DEBUG PackageRelationshipCollection:307 - Parsing relationship: /_rels/.rels
2025-01-15 08:08:48 DEBUG PackageRelationshipCollection:307 - Parsing relationship: /xl/_rels/workbook.xml.rels
2025-01-15 08:08:48 DEBUG PackageRelationshipCollection:307 - Parsing relationship: /xl/worksheets/_rels/sheet1.xml.rels
2025-01-15 08:08:48 DEBUG PackageRelationshipCollection:307 - Parsing relationship: /_rels/.rels
2025-01-15 08:08:48 DEBUG PackageRelationshipCollection:307 - Parsing relationship: /xl/_rels/workbook.xml.rels
2025-01-15 08:08:48 DEBUG PackageRelationshipCollection:307 - Parsing relationship: /xl/worksheets/_rels/sheet1.xml.rels
2025-01-15 08:08:48 DEBUG PackageRelationshipCollection:307 - Parsing relationship: /_rels/.rels
2025-01-15 08:08:48 INFO  TC003_LoginDDT:18 - ***** Starting TC003_LoginDDT *****
2025-01-15 08:08:48 INFO  TC003_LoginDDT:23 - Clicked on myaccount link
2025-01-15 08:08:50 INFO  TC003_LoginDDT:25 - Clicked on login link
2025-01-15 08:08:50 INFO  TC003_LoginDDT:29 - Providing customer details
2025-01-15 08:08:55 INFO  TC003_LoginDDT:64 - ***** Finished TC003_LoginDDT *****
2025-01-15 08:08:55 INFO  TC003_LoginDDT:18 - ***** Starting TC003_LoginDDT *****
2025-01-15 08:08:56 INFO  TC003_LoginDDT:23 - Clicked on myaccount link
2025-01-15 08:08:58 INFO  TC003_LoginDDT:25 - Clicked on login link
2025-01-15 08:08:58 INFO  TC003_LoginDDT:29 - Providing customer details
2025-01-15 08:09:02 INFO  TC003_LoginDDT:64 - ***** Finished TC003_LoginDDT *****
2025-01-15 08:09:02 INFO  TC003_LoginDDT:18 - ***** Starting TC003_LoginDDT *****
2025-01-15 08:09:03 INFO  TC003_LoginDDT:23 - Clicked on myaccount link
2025-01-15 08:09:13 INFO  TC003_LoginDDT:18 - ***** Starting TC003_LoginDDT *****
2025-01-15 08:09:13 INFO  TC003_LoginDDT:23 - Clicked on myaccount link
2025-01-15 08:09:23 INFO  TC003_LoginDDT:18 - ***** Starting TC003_LoginDDT *****
2025-01-15 08:09:23 INFO  TC003_LoginDDT:23 - Clicked on myaccount link
2025-01-15 08:11:38 DEBUG TestNG:82 - suiteXmlPath: "C:\Automation\seleniumwebdriver\OpencartV121\testng.xml"
2025-01-15 08:11:39 INFO  Utils:112 - [TestNG] Running:
  C:\Automation\seleniumwebdriver\OpencartV121\testng.xml

2025-01-15 08:11:55 DEBUG PackageRelationshipCollection:307 - Parsing relationship: /xl/_rels/workbook.xml.rels
2025-01-15 08:11:55 DEBUG PackageRelationshipCollection:307 - Parsing relationship: /xl/worksheets/_rels/sheet1.xml.rels
2025-01-15 08:11:55 DEBUG PackageRelationshipCollection:307 - Parsing relationship: /_rels/.rels
2025-01-15 08:11:57 DEBUG PackageRelationshipCollection:307 - Parsing relationship: /xl/_rels/workbook.xml.rels
2025-01-15 08:11:57 DEBUG PackageRelationshipCollection:307 - Parsing relationship: /xl/worksheets/_rels/sheet1.xml.rels
2025-01-15 08:11:57 DEBUG PackageRelationshipCollection:307 - Parsing relationship: /_rels/.rels
2025-01-15 08:11:58 DEBUG PackageRelationshipCollection:307 - Parsing relationship: /xl/_rels/workbook.xml.rels
2025-01-15 08:11:58 DEBUG PackageRelationshipCollection:307 - Parsing relationship: /xl/worksheets/_rels/sheet1.xml.rels
2025-01-15 08:11:58 DEBUG PackageRelationshipCollection:307 - Parsing relationship: /_rels/.rels
2025-01-15 08:11:58 DEBUG PackageRelationshipCollection:307 - Parsing relationship: /xl/_rels/workbook.xml.rels
2025-01-15 08:11:58 DEBUG PackageRelationshipCollection:307 - Parsing relationship: /xl/worksheets/_rels/sheet1.xml.rels
2025-01-15 08:11:58 DEBUG PackageRelationshipCollection:307 - Parsing relationship: /_rels/.rels
2025-01-15 08:11:58 DEBUG PackageRelationshipCollection:307 - Parsing relationship: /xl/_rels/workbook.xml.rels
2025-01-15 08:11:58 DEBUG PackageRelationshipCollection:307 - Parsing relationship: /xl/worksheets/_rels/sheet1.xml.rels
2025-01-15 08:11:58 DEBUG PackageRelationshipCollection:307 - Parsing relationship: /_rels/.rels
2025-01-15 08:11:58 DEBUG PackageRelationshipCollection:307 - Parsing relationship: /xl/_rels/workbook.xml.rels
2025-01-15 08:11:58 DEBUG PackageRelationshipCollection:307 - Parsing relationship: /xl/worksheets/_rels/sheet1.xml.rels
2025-01-15 08:11:58 DEBUG PackageRelationshipCollection:307 - Parsing relationship: /_rels/.rels
2025-01-15 08:11:58 DEBUG PackageRelationshipCollection:307 - Parsing relationship: /xl/_rels/workbook.xml.rels
2025-01-15 08:11:58 DEBUG PackageRelationshipCollection:307 - Parsing relationship: /xl/worksheets/_rels/sheet1.xml.rels
